Arguments: 
  C:\Program Files\nodejs\node.exe C:\Users\Jennr\AppData\Roaming\npm\node_modules\yarn\bin\yarn.js install

PATH: 
  D:\BtSoft\php\82;D:\Java\jdk-11\bin;C:\Program Files (x86)\Common Files\Oracle\Java\javapath;C:\Program Files\Common Files\Oracle\Java\javapath;C:\Windows\system32;C:\Windows;C:\Windows\System32\Wbem;C:\Windows\System32\WindowsPowerShell\v1.0\;C:\Windows\System32\OpenSSH\;C:\Program Files\Git\cmd;C:\Program Files\Microsoft SQL Server\Client SDK\ODBC\170\Tools\Binn\;C:\Program Files (x86)\Microsoft SQL Server\150\Tools\Binn\;C:\Program Files\Microsoft SQL Server\150\Tools\Binn\;C:\Program Files\Microsoft SQL Server\150\DTS\Binn\;C:\Program Files (x86)\Microsoft SQL Server\150\DTS\Binn\;D:\Application\Tesseract-OCR;C:\Program Files\nodejs\;D:\Application\Redis\;C:\Program Files\Bandizip\;C:\Program Files\Bandizip\Bandizip;C:\Program Files\dotnet\;C:\Program Files\python;C:\Program Files\python\Scripts;;D:\BtSoft\panel\script;D:\BtSoft\php\82;d:\application\composer;C:\Program Files\PuTTY\;C:\Users\Jennr\AppData\Local\Programs\Python\Python311\Scripts\;C:\Users\Jennr\AppData\Local\Programs\Python\Python311\;C:\Users\Jennr\AppData\Local\Programs\Python\Python37\Scripts\;C:\Users\Jennr\AppData\Local\Programs\Python\Python37\;C:\Users\Jennr\AppData\Local\Programs\Python\Python39\Scripts\;C:\Users\Jennr\AppData\Local\Programs\Python\Python39\;C:\Users\Jennr\AppData\Local\Microsoft\WindowsApps;C:\Program Files\Azure Data Studio\bin;C:\Users\Jennr\.dotnet\tools;d:\application\Fiddler;C:\Users\Jennr\AppData\Roaming\npm;C:\Users\Jennr\.dotnet\tools;C:\Users\Jennr\AppData\Roaming\Composer\vendor\bin;%IntelliJ IDEA%;C:\Users\Jennr\AppData\Local\Programs\Microsoft VS Code\bin;D:\GoLang\sdk\go1.21.3\bin;

Yarn version: 
  1.22.19

Node version: 
  18.16.0

Platform: 
  win32 x64

Trace: 
  Error: https://registry.npmjs.com/@fof%2foauth: Not found
      at params.callback [as _callback] (C:\Users\Jennr\AppData\Roaming\npm\node_modules\yarn\lib\cli.js:66145:18)
      at self.callback (C:\Users\Jennr\AppData\Roaming\npm\node_modules\yarn\lib\cli.js:140890:22)
      at Request.emit (node:events:513:28)
      at Request.<anonymous> (C:\Users\Jennr\AppData\Roaming\npm\node_modules\yarn\lib\cli.js:141862:10)
      at Request.emit (node:events:513:28)
      at IncomingMessage.<anonymous> (C:\Users\Jennr\AppData\Roaming\npm\node_modules\yarn\lib\cli.js:141784:12)
      at Object.onceWrapper (node:events:627:28)
      at IncomingMessage.emit (node:events:525:35)
      at endReadableNT (node:internal/streams/readable:1359:12)
      at process.processTicksAndRejections (node:internal/process/task_queues:82:21)

npm manifest: 
  {
    "private": true,
    "name": "@nodeloc/telegram",
    "prettier": "@flarum/prettier-config",
    "dependencies": {
      "flarum-webpack-config": "^2.0.0",
      "webpack": "^5.89.0",
      "webpack-cli": "^3.1.2",
      "flarum-tsconfig": "^1.0.2",
      "@fof/oauth":"^1.0.0",
      "@flarum/prettier-config": "^1.0.0"
    },
    "devDependencies": {
      "prettier": "^2.6.2"
    },
    "scripts": {
      "dev": "webpack --mode development --watch",
      "build": "webpack --mode production",
      "format": "prettier --write src",
      "format-check": "prettier --check src"
    }
  }

yarn manifest: 
  No manifest

Lockfile: 
  No lockfile
